Microsemi Libero Software
Version: 11.7.1.14
Release: v11.7 SP1.1

Info: The design follower_control_sys.adb was last modified by software version 11.7.1.14.
Opened an existing Libero design follower_control_sys.adb.
'BA_NAME' set to 'follower_control_sys_ba'
'IDE_DESIGNERVIEW_NAME' set to 'Impl1'
'IDE_DESIGNERVIEW_COUNT' set to '1'
'IDE_DESIGNERVIEW_REV0' set to 'Impl1'
'IDE_DESIGNERVIEW_REVNUM0' set to '1'
'IDE_DESIGNERVIEW_ROOTDIR' set to 'N:\eecs373\project\Follower\follower_control_sys\designer'
'IDE_DESIGNERVIEW_LASTREV' set to '1'

 Netlist Reading Time = 0.0 seconds
Imported the file:
   N:\eecs373\project\Follower\follower_control_sys\synthesis\follower_control_sys.edn

The Import command succeeded ( 00:00:02 )
=====================================================================
Parameters used to run compile:
===============================

Family      : SmartFusion
Device      : A2F200M3F
Package     : 484 FBGA
Source      :
N:\eecs373\project\Follower\follower_control_sys\synthesis\follower_control_sys.edn
Format      : EDIF
Topcell     : follower_control_sys
Speed grade : STD
Temp        : 0:25:85
Voltage     : 1.58:1.50:1.42

Keep Existing Physical Constraints : Yes
Keep Existing Timing Constraints   : Yes

pdc_abort_on_error                 : Yes
pdc_eco_display_unmatched_objects  : No
pdc_eco_max_warnings               : 10000

demote_globals                     : No
promote_globals                    : No
localclock_max_shared_instances    : 12
localclock_buffer_tree_max_fanout  : 12

combine_register                   : No
delete_buffer_tree                 : No

report_high_fanout_nets_limit      : 10

=====================================================================
Compile starts ...

Warning: CMP201: Net follower_control_sys_MSS_0/MSS_CCC_0/I_MSSCCC_GLB drives no load.
Warning: CMP201: Net follower_control_sys_MSS_0/MSS_CCC_0/I_MSSCCC_GLC drives no load.
Warning: CMP201: Net follower_control_sys_MSS_0/MSS_CCC_0/I_MSSCCC_LOCK drives no load.
Warning: CMP201: Net follower_control_sys_MSS_0/MSS_CCC_0/I_MSSCCC_YB drives no load.
Warning: CMP201: Net follower_control_sys_MSS_0/MSS_CCC_0/I_MSSCCC_YC drives no load.
Warning: Top level port MSS_RESET_N is not connected to any IO pad

Netlist Optimization Report
===========================

Optimized macros:
  - Dangling net drivers:   0
  - Buffers:                0
  - Inverters:              0
  - Tieoff:                 0
  - Logic combining:        4

    Total macros optimized  4

There were 0 error(s) and 6 warning(s) in this design.
=====================================================================

Reading previous post-compile physical placement constraints.


There were 0 error(s) and 0 warning(s).

=====================================================================
Compile report:
===============

    Microcontroller Subsystem  Used:      0  Total:      1   (0.00%)
    Fabric                     Used:    110  Total:   4608   (2.39%)
    Fabric IO (W/ clocks)      Used:      1  Total:     94   (1.06%)
    Fabric Differential IO     Used:      0  Total:     47   (0.00%)
    Dedicated Analog IO        Used:      0  Total:     32   (0.00%)
    Dedicated MSS IO           Used:      0  Total:     43   (0.00%)
    GLOBAL (Chip+Quadrant)     Used:      0  Total:     15   (0.00%)
    MSS GLOBAL                 Used:      0  Total:      3   (0.00%)
    On-chip RC oscillator      Used:      1  Total:      1   (100.00%)
    Main Crystal oscillator    Used:      0  Total:      1   (0.00%)
    32 KHz Crystal oscillator  Used:      0  Total:      1   (0.00%)
    RAM/FIFO                   Used:      0  Total:      8   (0.00%)
    User JTAG                  Used:      0  Total:      1   (0.00%)

Global Information:

    Type            | Used   | Total
    ----------------|--------|--------------
    Chip global     | 0      | 3  (0.00%)*
    Quadrant global | 0      | 12 (0.00%)
    MSS global      | 0      | 3  (0.00%)

    (*) Chip globals may be assigned to Quadrant globals using the Multi-View Navigator (MVN)
        or Physical Design Constraints (PDC).
        They may also be assigned to Quadrant globals automatically during Layout.

Core Information:

    Type    | Instances    | Core tiles
    --------|--------------|-----------
    COMB    | 87           | 87
    SEQ     | 23           | 23

I/O Function:

    Type                                  | w/o register  | w/ register  | w/ DDR register
    --------------------------------------|---------------|--------------|----------------
    Input I/O                             | 0             | 0            | 0
    Output I/O                            | 1             | 0            | 0
    Bidirectional I/O                     | 0             | 0            | 0
    Differential Input I/O Pairs          | 0             | 0            | 0
    Differential Output I/O Pairs         | 0             | 0            | 0

I/O Technology:

                                    |   Voltages    |             I/Os
    --------------------------------|-------|-------|-------|--------|--------------
    I/O Standard(s)                 | Vcci  | Vref  | Input | Output | Bidirectional
    --------------------------------|-------|-------|-------|--------|--------------
    LVTTL                           | 3.30v | N/A   | 0     | 1      | 0

I/O Placement:

    Locked  :   1 ( 100.00% )
    Placed  :   0
    UnPlaced:   0

Net information report:
=======================

The following nets have been assigned to a chip global resource:
    Fanout  Type          Name
    --------------------------
    23      CLK_NET       Net   : FAB_CLK
                          Driver: follower_control_sys_MSS_0/MSS_CCC_0/I_MSSCCC
                          Source: ESSENTIAL

High fanout nets in the post compile netlist:
    Fanout  Type          Name
    --------------------------
    13      INT_NET       Net   : follower_control_0/count[22]
                          Driver: follower_control_0/count[22]
    11      INT_NET       Net   : follower_control_0/un1_countlt22
                          Driver: follower_control_0/count_RNISEPQ2[21]
    8       INT_NET       Net   : follower_control_0/DWACT_FINC_E[0]
                          Driver: follower_control_0/count_2_I_10
    7       INT_NET       Net   : follower_control_0/DWACT_FINC_E[6]
                          Driver: follower_control_0/count_2_I_30
    6       INT_NET       Net   : follower_control_0/count[8]
                          Driver: follower_control_0/count[8]
    6       INT_NET       Net   : follower_control_0/count[9]
                          Driver: follower_control_0/count[9]
    6       INT_NET       Net   : follower_control_0/count[18]
                          Driver: follower_control_0/count[18]
    6       INT_NET       Net   : follower_control_0/count[3]
                          Driver: follower_control_0/count[3]
    6       INT_NET       Net   : follower_control_0/DWACT_FINC_E[7]
                          Driver: follower_control_0/count_2_I_33
    6       INT_NET       Net   : follower_control_0/count[15]
                          Driver: follower_control_0/count[15]

Nets that are candidates for clock assignment and the resulting fanout:
    Fanout  Type          Name
    --------------------------
    13      INT_NET       Net   : follower_control_0/count[22]
                          Driver: follower_control_0/count[22]
    11      INT_NET       Net   : follower_control_0/un1_countlt22
                          Driver: follower_control_0/count_RNISEPQ2[21]
    8       INT_NET       Net   : follower_control_0/DWACT_FINC_E[0]
                          Driver: follower_control_0/count_2_I_10
    7       INT_NET       Net   : follower_control_0/DWACT_FINC_E[6]
                          Driver: follower_control_0/count_2_I_30
    6       INT_NET       Net   : follower_control_0/count[8]
                          Driver: follower_control_0/count[8]
    6       INT_NET       Net   : follower_control_0/count[9]
                          Driver: follower_control_0/count[9]
    6       INT_NET       Net   : follower_control_0/count[18]
                          Driver: follower_control_0/count[18]
    6       INT_NET       Net   : follower_control_0/count[3]
                          Driver: follower_control_0/count[3]
    6       INT_NET       Net   : follower_control_0/DWACT_FINC_E[7]
                          Driver: follower_control_0/count_2_I_33
    6       INT_NET       Net   : follower_control_0/count[15]
                          Driver: follower_control_0/count[15]

The Compile command succeeded ( 00:00:01 )
Wrote status report to file: follower_control_sys_compile_report.txt

The Report command succeeded ( 00:00:00 )
Wrote pin report to file: follower_control_sys_report_pin_byname.txt

The Report command succeeded ( 00:00:01 )
Wrote pin report to file: follower_control_sys_report_pin_bynumber.txt

The Report command succeeded ( 00:00:01 )
Design saved to file
N:\eecs373\project\Follower\follower_control_sys\designer\impl1\follower_control_sys.adb.

The Execute Script command succeeded ( 00:00:07 )
Design closed.

