Microsemi Libero Software
Version: 11.7.1.14
Release: v11.7 SP1.1

Info: The design follower_control_sys.adb was last modified by software version 11.7.1.14.
Opened an existing Libero design follower_control_sys.adb.
'BA_NAME' set to 'follower_control_sys_ba'
'IDE_DESIGNERVIEW_NAME' set to 'Impl1'
'IDE_DESIGNERVIEW_COUNT' set to '1'
'IDE_DESIGNERVIEW_REV0' set to 'Impl1'
'IDE_DESIGNERVIEW_REVNUM0' set to '1'
'IDE_DESIGNERVIEW_ROOTDIR' set to 'N:\eecs373\project\Follower\follower_control_sys\designer'
'IDE_DESIGNERVIEW_LASTREV' set to '1'
Wrote timing report to file: follower_control_sys_maxdelay_timing_report.txt

The Report command succeeded ( 00:00:03 )
Wrote timing report to file: follower_control_sys_mindelay_timing_report.txt

The Report command succeeded ( 00:00:00 )
Wrote timing_violations report to file:
follower_control_sys_maxdelay_timingviolations_report.txt

The Report command succeeded ( 00:00:00 )
Wrote timing_violations report to file:
follower_control_sys_mindelay_timingviolations_report.txt

The Report command succeeded ( 00:00:00 )
Design saved to file
N:\eecs373\project\Follower\follower_control_sys\designer\impl1\follower_control_sys.adb.

The Execute Script command succeeded ( 00:00:04 )
Design closed.

