FlashPro
Version: 11.7.1.14
Release: v11.7 SP1.1

Software Version: 11.7.1.14
PDB file
'N:\eecs373\project\FollowerBot\FollowerBot\designer\impl1\motorCONTROL_fp\motorCONTROL.pdb' has
been loaded successfully.
DESIGN : motorCONTROL;  CHECKSUM : A397;  PDB_VERSION : 1.9
Warning: The programmer with id '80216' in the project file cannot be detected and connected.
Opened
'N:\eecs373\project\FollowerBot\FollowerBot\designer\impl1\motorCONTROL_fp\motorCONTROL.pro'
The 'open_project' command succeeded.
The 'set_programming_file' command succeeded.
The 'set_device_type' command succeeded.
The 'set_device_package' command succeeded.
Info: Adding Flash Memory data from file
      N:\eecs373\project\FollowerBot\FollowerBot\component\work\motorCONTROL_MSS\MSS_ENVM_0\MSS\
      _ENVM_0.efc.
Info: Adding FPGA Array data from file
      N:\eecs373\project\FollowerBot\FollowerBot\designer\impl1\motorCONTROL.fdb.
PDB file
'N:\eecs373\project\FollowerBot\FollowerBot\designer\impl1\motorCONTROL_fp\motorCONTROL.pdb' has
been loaded successfully.
DESIGN : motorCONTROL;  CHECKSUM : A397;  PDB_VERSION : 1.9
The 'update_programming_file' command succeeded.
The 'set_programming_action' command succeeded.
Error: No programmers found. Please check the programmer connection to the computer and ensure
       the drivers are properly installed.
Error: Failed to run Action.
Error: The command 'run_selected_actions' failed.
Error: Failure when executing Tcl script. [ Line 15 ]
Error: The Execute Script command failed.
Project closed.
