Microsemi Libero Software
Version: 11.7.1.14
Release: v11.7 SP1.1

Info: The design motorCONTROL.adb was last modified by software version 11.7.1.14.
Opened an existing Libero design motorCONTROL.adb.
'BA_NAME' set to 'motorCONTROL_ba'
'IDE_DESIGNERVIEW_NAME' set to 'Impl1'
'IDE_DESIGNERVIEW_COUNT' set to '1'
'IDE_DESIGNERVIEW_REV0' set to 'Impl1'
'IDE_DESIGNERVIEW_REVNUM0' set to '1'
'IDE_DESIGNERVIEW_ROOTDIR' set to 'N:\Project\NewProject-4-10\motorCONTROL\designer'
'IDE_DESIGNERVIEW_LASTREV' set to '1'
Wrote timing report to file: motorCONTROL_maxdelay_timing_report.txt

The Report command succeeded ( 00:00:02 )
Wrote timing report to file: motorCONTROL_mindelay_timing_report.txt

The Report command succeeded ( 00:00:00 )
Wrote timing_violations report to file: motorCONTROL_maxdelay_timingviolations_report.txt

The Report command succeeded ( 00:00:00 )
Wrote timing_violations report to file: motorCONTROL_mindelay_timingviolations_report.txt

The Report command succeeded ( 00:00:00 )
Design saved to file N:\Project\NewProject-4-10\motorCONTROL\designer\impl1\motorCONTROL.adb.

The Execute Script command succeeded ( 00:00:05 )
Design closed.

