Microsemi Libero Software
Version: 11.7.1.14
Release: v11.7 SP1.1

Info: The design N64_controller_iter_4.adb was last modified by software version 11.7.1.14.
Opened an existing Libero design N64_controller_iter_4.adb.
'BA_NAME' set to 'N64_controller_iter_4_ba'
'IDE_DESIGNERVIEW_NAME' set to 'Impl1'
'IDE_DESIGNERVIEW_COUNT' set to '1'
'IDE_DESIGNERVIEW_REV0' set to 'Impl1'
'IDE_DESIGNERVIEW_REVNUM0' set to '1'
'IDE_DESIGNERVIEW_ROOTDIR' set to
'N:\Project\GIT\N64\N64_controller_iter4\N64_controller_iter_4\designer'
'IDE_DESIGNERVIEW_LASTREV' set to '1'
Wrote timing report to file: N64_controller_iter_4_maxdelay_timing_report.txt

The Report command succeeded ( 00:00:03 )
Wrote timing report to file: N64_controller_iter_4_mindelay_timing_report.txt

The Report command succeeded ( 00:00:00 )
Wrote timing_violations report to file:
N64_controller_iter_4_maxdelay_timingviolations_report.txt

The Report command succeeded ( 00:00:00 )
Wrote timing_violations report to file:
N64_controller_iter_4_mindelay_timingviolations_report.txt

The Report command succeeded ( 00:00:01 )
Design saved to file
N:\Project\GIT\N64\N64_controller_iter4\N64_controller_iter_4\designer\impl1\N64_controller_ite\
r_4.adb.

The Execute Script command succeeded ( 00:00:06 )
Design closed.

