sourcing C:\Microsemi\Libero_SoC_v11.7\Synplify\lib\message_override.tcl


Starting:    C:\Microsemi\Libero_SoC_v11.7\Synplify\bin64\mbin\synbatch.exe
Install:     C:\Microsemi\Libero_SoC_v11.7\Synplify
Hostname:    EECS373-11
Date:        Thu Apr 06 16:32:33 2017
Version:     J-2015.03M-SP1-2

Arguments:   -product synplify_pro -licensetype synplifypro_actel -batch -log synplify.log follower_control_sys_syn.tcl
ProductType: synplify_pro

License checkout: synplifypro_actel
License: synplifypro_actel node-locked 
Licensed Vendor: actel
License Option: actel_oem

Running in Vendor Mode


auto_infer_blackbox is not supported in current product.

log file: "N:\eecs373\project\Follower\follower_control_sys\synthesis\follower_control_sys.srr"

Running: synthesis in foreground



Running follower_control_sys_syn|synthesis


Running: compile (Compile) on follower_control_sys_syn|synthesis


Running: compile_flow (Compile Process) on follower_control_sys_syn|synthesis


Running: compiler (Compile Input) on follower_control_sys_syn|synthesis

Copied N:\eecs373\project\Follower\follower_control_sys\synthesis\synwork\follower_control_sys_comp.srs to N:\eecs373\project\Follower\follower_control_sys\synthesis\follower_control_sys.srs


compiler Completed
Return Code: 0
Run Time:0h:00m:02s


Running: multi_srs_gen (Multi-srs Generator) on follower_control_sys_syn|synthesis

Copied N:\eecs373\project\Follower\follower_control_sys\synthesis\synwork\follower_control_sys_comp.srs to N:\eecs373\project\Follower\follower_control_sys\synthesis\synwork\follower_control_sys_s.srs


multi_srs_gen Completed
Return Code: 0
Run Time:0h:00m:01s

Copied N:\eecs373\project\Follower\follower_control_sys\synthesis\synwork\follower_control_sys_mult.srs to N:\eecs373\project\Follower\follower_control_sys\synthesis\follower_control_sys.srs

Complete: Compile Process on follower_control_sys_syn|synthesis


Running: premap (Pre-mapping) on follower_control_sys_syn|synthesis

Copied N:\eecs373\project\Follower\follower_control_sys\synthesis\follower_control_sys.sap to N:\eecs373\project\Follower\follower_control_sys\synthesis\synwork\follower_control_sys_s.sap

Copied N:\eecs373\project\Follower\follower_control_sys\synthesis\follower_control_sys.fse to N:\eecs373\project\Follower\follower_control_sys\synthesis\synwork\follower_control_sys_s.fse


premap Completed
Return Code: 0
Run Time:0h:00m:02s

Complete: Compile on follower_control_sys_syn|synthesis


Running: map (Map) on follower_control_sys_syn|synthesis


Running: fpga_mapper (Map & Optimize) on follower_control_sys_syn|synthesis

Copied N:\eecs373\project\Follower\follower_control_sys\synthesis\synwork\follower_control_sys_m.srm to N:\eecs373\project\Follower\follower_control_sys\synthesis\follower_control_sys.srm


fpga_mapper Completed with warnings
Return Code: 1
Run Time:0h:00m:04s

Complete: Map on follower_control_sys_syn|synthesis

Complete: Logic Synthesis on follower_control_sys_syn|synthesis

TCL script complete: "follower_control_sys_syn.tcl"

exit status=0

exit status=0

License checkin: synplifypro_actel

