FlashPro
Version: 11.7.1.14
Release: v11.7 SP1.1

Software Version: 11.7.1.14
PDB file
'N:\eecs373\project\Follower\follower_control_sys\designer\impl1\follower_control_sys_fp\follow\
er_control_sys.pdb' has been loaded successfully.
DESIGN : follower_control_sys;  CHECKSUM : 130E;  PDB_VERSION : 1.9
Driver : 3.0.0 build 1
programmer '79964' : FlashPro3
Opened
'N:\eecs373\project\Follower\follower_control_sys\designer\impl1\follower_control_sys_fp\follow\
er_control_sys.pro'
The 'open_project' command succeeded.
The 'set_programming_file' command succeeded.
The 'set_device_type' command succeeded.
The 'set_device_package' command succeeded.
Info: Adding Flash Memory data from file
      N:\eecs373\project\Follower\follower_control_sys\component\work\follower_control_sys_MSS\\
      MSS_ENVM_0\MSS_ENVM_0.efc.
Info: Adding FPGA Array data from file
      N:\eecs373\project\Follower\follower_control_sys\designer\impl1\follower_control_sys.fdb.
PDB file
'N:\eecs373\project\Follower\follower_control_sys\designer\impl1\follower_control_sys_fp\follow\
er_control_sys.pdb' has been loaded successfully.
DESIGN : follower_control_sys;  CHECKSUM : B331;  PDB_VERSION : 1.9
The 'update_programming_file' command succeeded.
The 'set_programming_action' command succeeded.
programmer '79964' : Scan Chain...
Warning: programmer '79964' : Vpump has been selected on programmer AND an externally provided
         Vpump has also been detected. Using externally provided Vpump voltage source.
programmer '79964' : Scan Chain PASSED.
programmer '79964' : Executing action PROGRAM
programmer '79964' : EXPORT FSN[48] = 014b3e609880
programmer '79964' : Erase ...
programmer '79964' : Completed erase
programmer '79964' : EXPORT CHECKSUM: [16] = b331
programmer '79964' : Programming FPGA Array
programmer '79964' : Verifying FPGA Array
programmer '79964' :         Verifying FPGA Array -- pass
programmer '79964' : Program System Init and Boot Clients...
programmer '79964' : Verify System Init and Boot Clients...
programmer '79964' : Finished: Thu Apr 06 16:34:54 2017 (Elapsed time 00:00:35)
programmer '79964' : Executing action PROGRAM PASSED.

                        o - o - o - o - o - o

The 'run_selected_actions' command succeeded.
Project saved.
The 'save_project' command succeeded.
Project closed.
