FlashPro
Version: 11.7.1.14
Release: v11.7 SP1.1

Software Version: 11.7.1.14
PDB file
'N:\Project\GIT\N64\N64_controller_iter4\N64_controller_iter_4\designer\impl1\N64_controller_it\
er_4_fp\N64_controller_iter_4.pdb' has been loaded successfully.
DESIGN : N64_controller_iter_4;  CHECKSUM : 5314;  PDB_VERSION : 1.9
Driver : 3.0.0 build 1
programmer '78999' : FlashPro3
Warning: The programmer with id '79419' in the project file cannot be detected and connected.
Opened
'N:\Project\GIT\N64\N64_controller_iter4\N64_controller_iter_4\designer\impl1\N64_controller_it\
er_4_fp\N64_controller_iter_4.pro'
The 'open_project' command succeeded.
The 'set_programming_file' command succeeded.
The 'set_device_type' command succeeded.
The 'set_device_package' command succeeded.
Info: Adding Flash Memory data from file
      N:\Project\GIT\N64\N64_controller_iter4\N64_controller_iter_4\component\work\N64_controll\
      er_iter_4_MSS\MSS_ENVM_0\MSS_ENVM_0.efc.
Info: Adding FPGA Array data from file
      N:\Project\GIT\N64\N64_controller_iter4\N64_controller_iter_4\designer\impl1\N64_controll\
      er_iter_4.fdb.
PDB file
'N:\Project\GIT\N64\N64_controller_iter4\N64_controller_iter_4\designer\impl1\N64_controller_it\
er_4_fp\N64_controller_iter_4.pdb' has been loaded successfully.
DESIGN : N64_controller_iter_4;  CHECKSUM : 4DD9;  PDB_VERSION : 1.9
The 'update_programming_file' command succeeded.
The 'set_programming_action' command succeeded.
programmer '78999' : Scan Chain...
Warning: programmer '78999' : Vpump has been selected on programmer AND an externally provided
         Vpump has also been detected. Using externally provided Vpump voltage source.
programmer '78999' : Scan Chain PASSED.
programmer '78999' : Executing action PROGRAM
programmer '78999' : EXPORT FSN[48] = 014b3e647060
programmer '78999' : Erase ...
programmer '78999' : Completed erase
programmer '78999' : EXPORT CHECKSUM: [16] = 4dd9
programmer '78999' : Programming FPGA Array
programmer '78999' : Verifying FPGA Array
programmer '78999' :         Verifying FPGA Array -- pass
programmer '78999' : Program System Init and Boot Clients...
programmer '78999' : Verify System Init and Boot Clients...
programmer '78999' : Finished: Tue Apr 18 03:35:23 2017 (Elapsed time 00:00:36)
programmer '78999' : Executing action PROGRAM PASSED.

                        o - o - o - o - o - o

The 'run_selected_actions' command succeeded.
Project saved.
The 'save_project' command succeeded.
Project closed.
