sourcing C:\Microsemi\Libero_SoC_v11.7\Synplify\lib\message_override.tcl


Starting:    C:\Microsemi\Libero_SoC_v11.7\Synplify\bin64\mbin\synbatch.exe
Install:     C:\Microsemi\Libero_SoC_v11.7\Synplify
Hostname:    EECS373-08
Date:        Thu Apr 06 10:38:18 2017
Version:     J-2015.03M-SP1-2

Arguments:   -product synplify_pro -licensetype synplifypro_actel -batch -log synplify.log N64_controller_iter_4_syn.tcl
ProductType: synplify_pro

License checkout: synplifypro_actel
License: synplifypro_actel node-locked 
Licensed Vendor: actel
License Option: actel_oem

Running in Vendor Mode


Warning: File already exists in project: "N:\eecs373\PolyBots\N64\N64_controller_iter4\N64_controller_iter_4\component\work\N64_controller_iter_4_MSS\mss_tshell_syn.sdc"
Warning: File already exists in project: "N:\eecs373\PolyBots\N64\N64_controller_iter4\N64_controller_iter_4\component\work\N64_controller_iter_4_MSS\mss_tshell_syn.sdc"
Warning: File already exists in project: "N:\eecs373\PolyBots\N64\N64_controller_iter4\N64_controller_iter_4\component\work\N64_controller_iter_4_MSS\mss_tshell_syn.sdc"
Warning: File already exists in project: "N:\eecs373\PolyBots\N64\N64_controller_iter4\N64_controller_iter_4\component\work\N64_controller_iter_4_MSS\mss_tshell_syn.sdc"
Warning: File already exists in project: "N:\eecs373\PolyBots\N64\N64_controller_iter4\N64_controller_iter_4\component\work\N64_controller_iter_4_MSS\mss_tshell_syn.sdc"
Warning: File already exists in project: "N:\eecs373\PolyBots\N64\N64_controller_iter4\N64_controller_iter_4\component\work\N64_controller_iter_4_MSS\mss_tshell_syn.sdc"
Warning: File already exists in project: "N:\eecs373\PolyBots\N64\N64_controller_iter4\N64_controller_iter_4\component\work\N64_controller_iter_4_MSS\mss_tshell_syn.sdc"
Warning: File already exists in project: "N:\eecs373\PolyBots\N64\N64_controller_iter4\N64_controller_iter_4\component\work\N64_controller_iter_4_MSS\mss_tshell_syn.sdc"
auto_infer_blackbox is not supported in current product.

log file: "N:\eecs373\PolyBots\N64\N64_controller_iter4\N64_controller_iter_4\synthesis\N64_controller_iter_4.srr"

Running: synthesis in foreground



Running N64_controller_iter_4_syn|synthesis


Running: compile (Compile) on N64_controller_iter_4_syn|synthesis


Running: compile_flow (Compile Process) on N64_controller_iter_4_syn|synthesis


Running: compiler (Compile Input) on N64_controller_iter_4_syn|synthesis

Copied N:\eecs373\PolyBots\N64\N64_controller_iter4\N64_controller_iter_4\synthesis\synwork\N64_controller_iter_4_comp.srs to N:\eecs373\PolyBots\N64\N64_controller_iter4\N64_controller_iter_4\synthesis\N64_controller_iter_4.srs


compiler Completed
Return Code: 0
Run Time:0h:00m:04s


Running: multi_srs_gen (Multi-srs Generator) on N64_controller_iter_4_syn|synthesis

Copied N:\eecs373\PolyBots\N64\N64_controller_iter4\N64_controller_iter_4\synthesis\synwork\N64_controller_iter_4_comp.srs to N:\eecs373\PolyBots\N64\N64_controller_iter4\N64_controller_iter_4\synthesis\synwork\N64_controller_iter_4_s.srs


multi_srs_gen Completed
Return Code: 0
Run Time:0h:00m:00s

Copied N:\eecs373\PolyBots\N64\N64_controller_iter4\N64_controller_iter_4\synthesis\synwork\N64_controller_iter_4_mult.srs to N:\eecs373\PolyBots\N64\N64_controller_iter4\N64_controller_iter_4\synthesis\N64_controller_iter_4.srs

Complete: Compile Process on N64_controller_iter_4_syn|synthesis


Running: premap (Pre-mapping) on N64_controller_iter_4_syn|synthesis

Copied N:\eecs373\PolyBots\N64\N64_controller_iter4\N64_controller_iter_4\synthesis\N64_controller_iter_4.sap to N:\eecs373\PolyBots\N64\N64_controller_iter4\N64_controller_iter_4\synthesis\synwork\N64_controller_iter_4_s.sap

Copied N:\eecs373\PolyBots\N64\N64_controller_iter4\N64_controller_iter_4\synthesis\N64_controller_iter_4.fse to N:\eecs373\PolyBots\N64\N64_controller_iter4\N64_controller_iter_4\synthesis\synwork\N64_controller_iter_4_s.fse


premap Completed
Return Code: 0
Run Time:0h:00m:02s

Complete: Compile on N64_controller_iter_4_syn|synthesis


Running: map (Map) on N64_controller_iter_4_syn|synthesis


Running: fpga_mapper (Map & Optimize) on N64_controller_iter_4_syn|synthesis

Copied N:\eecs373\PolyBots\N64\N64_controller_iter4\N64_controller_iter_4\synthesis\synwork\N64_controller_iter_4_m.srm to N:\eecs373\PolyBots\N64\N64_controller_iter4\N64_controller_iter_4\synthesis\N64_controller_iter_4.srm


fpga_mapper Completed with warnings
Return Code: 1
Run Time:0h:00m:08s

Complete: Map on N64_controller_iter_4_syn|synthesis

Complete: Logic Synthesis on N64_controller_iter_4_syn|synthesis

TCL script complete: "N64_controller_iter_4_syn.tcl"

exit status=0

exit status=0

License checkin: synplifypro_actel

