Target Part: A2F200M3F_FBGA484_STD
Report for cell motorCONTROL.verilog
  Core Cell usage:
              cell count     area count*area
              AND2    19      1.0       19.0
             AND2A     2      1.0        2.0
              AND3    68      1.0       68.0
               AO1    13      1.0       13.0
              AO1B     1      1.0        1.0
              AO1C    18      1.0       18.0
              AOI1     2      1.0        2.0
             AOI1A     6      1.0        6.0
             AOI1B    19      1.0       19.0
              BUFF     3      1.0        3.0
               GND     6      0.0        0.0
           MSS_APB     1      0.0        0.0
           MSS_CCC     1      0.0        0.0
               MX2    71      1.0       71.0
              NOR2     8      1.0        8.0
             NOR2A    21      1.0       21.0
             NOR2B    89      1.0       89.0
              NOR3     1      1.0        1.0
             NOR3A     5      1.0        5.0
             NOR3B    15      1.0       15.0
             NOR3C    14      1.0       14.0
               OA1     6      1.0        6.0
              OA1A    12      1.0       12.0
              OR2A    30      1.0       30.0
             RCOSC     1      0.0        0.0
               VCC     6      0.0        0.0
               XA1     1      1.0        1.0
             XNOR2    36      1.0       36.0
              XOR2    42      1.0       42.0


              DFN1    84      1.0       84.0
            DFN1E1    29      1.0       29.0
                   -----          ----------
             TOTAL   630               615.0


  IO Cell usage:
              cell count
         BIBUF_MSS     8
             INBUF     2
         INBUF_MSS     3
            OUTBUF     6
        OUTBUF_MSS     2
                   -----
             TOTAL    21


Core Cells         : 615 of 4608 (13%)
IO Cells           : 21

  RAM/ROM Usage Summary
Block Rams : 0 of 8 (0%)

