Target Part: A2F200M3F_FBGA484_STD
Report for cell follower_control_sys.verilog
  Core Cell usage:
              cell count     area count*area
              AND2     7      1.0        7.0
              AND3    28      1.0       28.0
               AO1     1      1.0        1.0
               GND     4      0.0        0.0
           MSS_CCC     1      0.0        0.0
              NOR2     4      1.0        4.0
             NOR2B     4      1.0        4.0
              NOR3     1      1.0        1.0
             NOR3A     2      1.0        2.0
             NOR3C     2      1.0        2.0
              OA1A    11      1.0       11.0
              OA1B     2      1.0        2.0
              OA1C     1      1.0        1.0
              OR2B     3      1.0        3.0
               OR3     1      1.0        1.0
              OR3C     2      1.0        2.0
             RCOSC     1      0.0        0.0
               VCC     4      0.0        0.0
              XOR2    22      1.0       22.0


              DFN1    23      1.0       23.0
                   -----          ----------
             TOTAL   124               114.0


  IO Cell usage:
              cell count
            OUTBUF     1
                   -----
             TOTAL     1


Core Cells         : 114 of 4608 (2%)
IO Cells           : 1

  RAM/ROM Usage Summary
Block Rams : 0 of 8 (0%)

