Microsemi Libero Software
Version: 11.7.1.14
Release: v11.7 SP1.1

Info: The design pixyCam.adb was last modified by software version 11.7.1.14.
Opened an existing Libero design pixyCam.adb.
'BA_NAME' set to 'pixyCam_ba'
'IDE_DESIGNERVIEW_NAME' set to 'Impl1'
'IDE_DESIGNERVIEW_COUNT' set to '1'
'IDE_DESIGNERVIEW_REV0' set to 'Impl1'
'IDE_DESIGNERVIEW_REVNUM0' set to '1'
'IDE_DESIGNERVIEW_ROOTDIR' set to 'N:\eecs373\project\pixyCam\pixyCam\designer'
'IDE_DESIGNERVIEW_LASTREV' set to '1'
Wrote timing report to file: pixyCam_maxdelay_timing_report.txt

The Report command succeeded ( 00:00:02 )
Wrote timing report to file: pixyCam_mindelay_timing_report.txt

The Report command succeeded ( 00:00:00 )
Wrote timing_violations report to file: pixyCam_maxdelay_timingviolations_report.txt

The Report command succeeded ( 00:00:00 )
Wrote timing_violations report to file: pixyCam_mindelay_timingviolations_report.txt

The Report command succeeded ( 00:00:00 )
Design saved to file N:\eecs373\project\pixyCam\pixyCam\designer\impl1\pixyCam.adb.

The Execute Script command succeeded ( 00:00:04 )
Design closed.

