sourcing C:\Microsemi\Libero_SoC_v11.7\Synplify\lib\message_override.tcl


Starting:    C:\Microsemi\Libero_SoC_v11.7\Synplify\bin64\mbin\synbatch.exe
Install:     C:\Microsemi\Libero_SoC_v11.7\Synplify
Hostname:    EECS373-03
Date:        Fri Apr 14 18:33:58 2017
Version:     J-2015.03M-SP1-2

Arguments:   -product synplify_pro -licensetype synplifypro_actel -batch -log synplify.log motorCONTROL_syn.tcl
ProductType: synplify_pro

License checkout: synplifypro_actel
License: synplifypro_actel node-locked 
Licensed Vendor: actel
License Option: actel_oem

Running in Vendor Mode


Warning: File already exists in project: "N:\eecs373\project\MotorControlWork\motorCONTROL\component\work\motorCONTROL_MSS\mss_tshell_syn.sdc"
Warning: File already exists in project: "N:\eecs373\project\MotorControlWork\motorCONTROL\component\work\motorCONTROL_MSS\mss_tshell_syn.sdc"
Warning: File already exists in project: "N:\eecs373\project\MotorControlWork\motorCONTROL\component\work\motorCONTROL_MSS\mss_tshell_syn.sdc"
Warning: File already exists in project: "N:\eecs373\project\MotorControlWork\motorCONTROL\component\work\motorCONTROL_MSS\mss_tshell_syn.sdc"
Warning: File already exists in project: "N:\eecs373\project\MotorControlWork\motorCONTROL\component\work\motorCONTROL_MSS\mss_tshell_syn.sdc"
Warning: File already exists in project: "N:\eecs373\project\MotorControlWork\motorCONTROL\component\work\motorCONTROL_MSS\mss_tshell_syn.sdc"
Warning: File already exists in project: "N:\eecs373\project\MotorControlWork\motorCONTROL\component\work\motorCONTROL_MSS\mss_tshell_syn.sdc"
Warning: File already exists in project: "N:\eecs373\project\MotorControlWork\motorCONTROL\component\work\motorCONTROL_MSS\mss_tshell_syn.sdc"
Warning: File already exists in project: "N:\eecs373\project\MotorControlWork\motorCONTROL\component\work\motorCONTROL_MSS\mss_tshell_syn.sdc"
Warning: File already exists in project: "N:\eecs373\project\MotorControlWork\motorCONTROL\component\work\motorCONTROL_MSS\mss_tshell_syn.sdc"
Warning: File already exists in project: "N:\eecs373\project\MotorControlWork\motorCONTROL\component\work\motorCONTROL_MSS\mss_tshell_syn.sdc"
Warning: File already exists in project: "N:\eecs373\project\MotorControlWork\motorCONTROL\component\work\motorCONTROL_MSS\mss_tshell_syn.sdc"
auto_infer_blackbox is not supported in current product.

log file: "N:\eecs373\project\MotorControlWork\motorCONTROL\synthesis\motorCONTROL.srr"

Running: synthesis in foreground



Running motorCONTROL_syn|synthesis


Running: compile (Compile) on motorCONTROL_syn|synthesis


Running: compile_flow (Compile Process) on motorCONTROL_syn|synthesis


Running: compiler (Compile Input) on motorCONTROL_syn|synthesis

Copied N:\eecs373\project\MotorControlWork\motorCONTROL\synthesis\synwork\motorCONTROL_comp.srs to N:\eecs373\project\MotorControlWork\motorCONTROL\synthesis\motorCONTROL.srs


compiler Completed
Return Code: 0
Run Time:0h:00m:05s


Running: multi_srs_gen (Multi-srs Generator) on motorCONTROL_syn|synthesis

Copied N:\eecs373\project\MotorControlWork\motorCONTROL\synthesis\synwork\motorCONTROL_comp.srs to N:\eecs373\project\MotorControlWork\motorCONTROL\synthesis\synwork\motorCONTROL_s.srs


multi_srs_gen Completed
Return Code: 0
Run Time:0h:00m:00s

Copied N:\eecs373\project\MotorControlWork\motorCONTROL\synthesis\synwork\motorCONTROL_mult.srs to N:\eecs373\project\MotorControlWork\motorCONTROL\synthesis\motorCONTROL.srs

Complete: Compile Process on motorCONTROL_syn|synthesis


Running: premap (Pre-mapping) on motorCONTROL_syn|synthesis

Copied N:\eecs373\project\MotorControlWork\motorCONTROL\synthesis\motorCONTROL.sap to N:\eecs373\project\MotorControlWork\motorCONTROL\synthesis\synwork\motorCONTROL_s.sap

Copied N:\eecs373\project\MotorControlWork\motorCONTROL\synthesis\motorCONTROL.fse to N:\eecs373\project\MotorControlWork\motorCONTROL\synthesis\synwork\motorCONTROL_s.fse


premap Completed
Return Code: 0
Run Time:0h:00m:03s

Complete: Compile on motorCONTROL_syn|synthesis


Running: map (Map) on motorCONTROL_syn|synthesis


Running: fpga_mapper (Map & Optimize) on motorCONTROL_syn|synthesis

Copied N:\eecs373\project\MotorControlWork\motorCONTROL\synthesis\synwork\motorCONTROL_m.srm to N:\eecs373\project\MotorControlWork\motorCONTROL\synthesis\motorCONTROL.srm


fpga_mapper Completed with warnings
Return Code: 1
Run Time:0h:00m:08s

Complete: Map on motorCONTROL_syn|synthesis

Complete: Logic Synthesis on motorCONTROL_syn|synthesis

TCL script complete: "motorCONTROL_syn.tcl"

exit status=0

exit status=0

License checkin: synplifypro_actel

